
===========================================================================
retrieve the latest seabios from upstream git repo.
===========================================================================

Synchronizing submodule url for 'seabios.submodule'
HEAD is now at cc97564 Add config option to permit running option roms with bad checksums.

===========================================================================
dump the slic from motherboard (root password required)
===========================================================================


===========================================================================
patching seabios...
===========================================================================

patching file seabios.submodule/src/acpi.c
Hunk #3 succeeded at 636 with fuzz 2.

===========================================================================
compiling seabios...
===========================================================================

  Compiling whole program out/ccode32flat.o
  Building ld scripts (version "pre-0.6.3")
Fixed space: 0xe05b-0x10000  total: 8101  slack: 1  Percent slack: 0.0%
16bit size:           39376
32bit segmented size: 1636
32bit flat size:      12284
32bit flat init size: 57184
  Linking out/rom16.o
  Stripping out/rom16.strip.o
  Linking out/rom32seg.o
  Stripping out/rom32seg.strip.o
  Linking out/rom.o
  Prepping out/bios.bin
Total size: 112592  Fixed: 53296  Free: 18480 (used 85.9% of 128KiB rom)

===========================================================================
your bios awaits....
===========================================================================

seabios.submodule/out/bios.bin
